android/app/build/intermediates/manifest_merge_blame_file/release/manifest-merger-blame-release-report.txt
1<?xml version="1.0" encoding="utf-8"?>
2<manifest xmlns:android="http://schemas.android.com/apk/res/android"
3    package="com.createdinam.vivasa"
4    android:versionCode="13"
5    android:versionName="1.2.3" >
6
7    <uses-sdk
8        android:minSdkVersion="21"
8-->src/main/AndroidManifest.xml
9        android:targetSdkVersion="33" />
9-->src/main/AndroidManifest.xml
10
11    <uses-permission android:name="android.permission.INTERNET" />
11-->src/main/AndroidManifest.xml:5:5-67
11-->src/main/AndroidManifest.xml:5:22-64
12    <!-- Define ACCESS_FINE_LOCATION if you will use enableHighAccuracy=true -->
13    <uses-permission android:name="android.permission.ACCESS_FINE_LOCATION" />
13-->src/main/AndroidManifest.xml:7:5-78
13-->src/main/AndroidManifest.xml:7:22-76
14    <uses-permission android:name="android.permission.READ_EXTERNAL_STORAGE" />
14-->src/main/AndroidManifest.xml:8:5-80
14-->src/main/AndroidManifest.xml:8:22-77
15    <uses-permission android:name="android.permission.WRITE_EXTERNAL_STORAGE" />
15-->src/main/AndroidManifest.xml:9:5-10:40
15-->src/main/AndroidManifest.xml:9:22-78
16    <uses-permission android:name="android.permission.CAMERA" />
16-->src/main/AndroidManifest.xml:11:5-65
16-->src/main/AndroidManifest.xml:11:22-62
17
18    <uses-feature android:name="android.hardware.camera" />
18-->src/main/AndroidManifest.xml:12:5-60
18-->src/main/AndroidManifest.xml:12:19-57
19    <uses-feature android:name="android.hardware.camera.autofocus" />
19-->src/main/AndroidManifest.xml:13:5-70
19-->src/main/AndroidManifest.xml:13:19-67
20    <!-- Define ACCESS_COARSE_LOCATION if you will use enableHighAccuracy=false -->
21    <uses-permission android:name="android.permission.ACCESS_COARSE_LOCATION" />
21-->src/main/AndroidManifest.xml:15:5-80
21-->src/main/AndroidManifest.xml:15:22-78
22    <uses-permission android:name="android.permission.USE_FULL_SCREEN_INTENT" />
22-->src/main/AndroidManifest.xml:16:5-81
22-->src/main/AndroidManifest.xml:16:22-78
23    <uses-permission android:name="android.permission.VIBRATE" />
23-->src/main/AndroidManifest.xml:17:5-66
23-->src/main/AndroidManifest.xml:17:22-63
24    <uses-permission android:name="android.permission.FOREGROUND_SERVICE" />
24-->src/main/AndroidManifest.xml:18:5-77
24-->src/main/AndroidManifest.xml:18:22-74
25    <uses-permission android:name="android.permission.WAKE_LOCK" />
25-->src/main/AndroidManifest.xml:19:5-68
25-->src/main/AndroidManifest.xml:19:22-65
26    <uses-permission android:name="android.permission.DISABLE_KEYGUARD" />
26-->src/main/AndroidManifest.xml:20:5-75
26-->src/main/AndroidManifest.xml:20:22-72
27
28    <uses-feature
28-->[:react-native-scan-barcode] AndroidManifest.xml:14:5-16:36
29        android:name="android.hardware.camera.front"
29-->[:react-native-scan-barcode] AndroidManifest.xml:15:9-53
30        android:required="false" />
30-->[:react-native-scan-barcode] AndroidManifest.xml:16:9-33
31
32    <uses-permission android:name="android.permission.ACCESS_NETWORK_STATE" />
32-->[:react-native-firebase_analytics] AndroidManifest.xml:9:5-79
32-->[:react-native-firebase_analytics] AndroidManifest.xml:9:22-76
33
34    <queries>
34-->[:react-native-image-crop-picker] AndroidManifest.xml:9:5-13:15
35        <intent>
35-->[:react-native-image-crop-picker] AndroidManifest.xml:10:9-12:18
36            <action android:name="android.media.action.IMAGE_CAPTURE" />
36-->[:react-native-image-crop-picker] AndroidManifest.xml:11:13-73
36-->[:react-native-image-crop-picker] AndroidManifest.xml:11:21-70
37        </intent>
38        <intent>
38-->[io.kommunicate.sdk:kommunicateui:2.7.0] AndroidManifest.xml:18:9-20:18
39            <action android:name="android.speech.RecognitionService" />
39-->[io.kommunicate.sdk:kommunicateui:2.7.0] AndroidManifest.xml:19:13-72
39-->[io.kommunicate.sdk:kommunicateui:2.7.0] AndroidManifest.xml:19:21-69
40        </intent>
41
42        <package android:name="androidx.test.orchestrator" />
42-->[androidx.test:runner:1.4.0] AndroidManifest.xml:25:9-62
42-->[androidx.test:runner:1.4.0] AndroidManifest.xml:25:18-59
43        <package android:name="androidx.test.services" />
43-->[androidx.test:runner:1.4.0] AndroidManifest.xml:26:9-58
43-->[androidx.test:runner:1.4.0] AndroidManifest.xml:26:18-55
44        <package android:name="com.google.android.apps.common.testing.services" />
44-->[androidx.test:runner:1.4.0] AndroidManifest.xml:27:9-83
44-->[androidx.test:runner:1.4.0] AndroidManifest.xml:27:18-80
45
46        <intent>
46-->[com.razorpay:checkout:1.6.36] AndroidManifest.xml:11:9-17:18
47            <action android:name="android.intent.action.VIEW" />
47-->[com.razorpay:checkout:1.6.36] AndroidManifest.xml:12:13-65
47-->[com.razorpay:checkout:1.6.36] AndroidManifest.xml:12:21-62
48
49            <data
49-->[com.razorpay:checkout:1.6.36] AndroidManifest.xml:14:13-16:38
50                android:mimeType="*/*"
50-->[com.razorpay:checkout:1.6.36] AndroidManifest.xml:15:17-39
51                android:scheme="*" />
51-->[com.razorpay:checkout:1.6.36] AndroidManifest.xml:16:17-35
52        </intent>
53        <intent>
53-->[com.razorpay:checkout:1.6.36] AndroidManifest.xml:18:9-27:18
54            <action android:name="android.intent.action.VIEW" />
54-->[com.razorpay:checkout:1.6.36] AndroidManifest.xml:12:13-65
54-->[com.razorpay:checkout:1.6.36] AndroidManifest.xml:12:21-62
55
56            <category android:name="android.intent.category.BROWSABLE" />
56-->[com.razorpay:checkout:1.6.36] AndroidManifest.xml:21:13-74
56-->[com.razorpay:checkout:1.6.36] AndroidManifest.xml:21:23-71
57
58            <data
58-->[com.razorpay:checkout:1.6.36] AndroidManifest.xml:14:13-16:38
59                android:host="pay"
60                android:mimeType="*/*"
60-->[com.razorpay:checkout:1.6.36] AndroidManifest.xml:15:17-39
61                android:scheme="upi" />
61-->[com.razorpay:checkout:1.6.36] AndroidManifest.xml:16:17-35
62        </intent>
63        <intent>
63-->[com.razorpay:checkout:1.6.36] AndroidManifest.xml:28:9-30:18
64            <action android:name="android.intent.action.MAIN" />
64-->src/main/AndroidManifest.xml:44:13-65
64-->src/main/AndroidManifest.xml:44:21-62
65        </intent>
66        <intent>
66-->[com.razorpay:checkout:1.6.36] AndroidManifest.xml:31:9-35:18
67            <action android:name="android.intent.action.SEND" />
67-->[com.razorpay:checkout:1.6.36] AndroidManifest.xml:32:13-65
67-->[com.razorpay:checkout:1.6.36] AndroidManifest.xml:32:21-62
68
69            <data android:mimeType="*/*" />
69-->[com.razorpay:checkout:1.6.36] AndroidManifest.xml:14:13-16:38
69-->[com.razorpay:checkout:1.6.36] AndroidManifest.xml:15:17-39
70        </intent>
71        <intent>
71-->[com.razorpay:checkout:1.6.36] AndroidManifest.xml:36:9-38:18
72            <action android:name="rzp.device_token.share" />
72-->[com.razorpay:checkout:1.6.36] AndroidManifest.xml:37:13-61
72-->[com.razorpay:checkout:1.6.36] AndroidManifest.xml:37:21-58
73        </intent>
74    </queries>
75
76    <uses-permission android:name="android.permission.RECORD_AUDIO" />
76-->[:react-native-voice] AndroidManifest.xml:11:5-71
76-->[:react-native-voice] AndroidManifest.xml:11:22-68
77    <uses-permission android:name="android.permission.POST_NOTIFICATIONS" /> <!-- Required by older versions of Google Play services to create IID tokens -->
77-->[com.google.firebase:firebase-messaging:23.1.2] AndroidManifest.xml:25:5-77
77-->[com.google.firebase:firebase-messaging:23.1.2] AndroidManifest.xml:25:22-74
78    <uses-permission android:name="com.google.android.c2dm.permission.RECEIVE" />
78-->[com.google.firebase:firebase-messaging:23.1.2] AndroidManifest.xml:28:5-82
78-->[com.google.firebase:firebase-messaging:23.1.2] AndroidManifest.xml:28:22-79
79    <uses-permission android:name="com.google.android.gms.permission.AD_ID" />
79-->[com.google.android.gms:play-services-measurement-api:21.2.1] AndroidManifest.xml:25:5-79
79-->[com.google.android.gms:play-services-measurement-api:21.2.1] AndroidManifest.xml:25:22-76
80    <uses-permission android:name="android.permission.RECEIVE_BOOT_COMPLETED" />
80-->[io.kommunicate.sdk:kommunicate:2.7.0] AndroidManifest.xml:22:5-24:30
80-->[io.kommunicate.sdk:kommunicate:2.7.0] AndroidManifest.xml:23:9-65
81
82    <uses-feature
82-->[com.google.android.gms:play-services-maps:17.0.0] AndroidManifest.xml:26:5-28:35
83        android:glEsVersion="0x00020000"
83-->[com.google.android.gms:play-services-maps:17.0.0] AndroidManifest.xml:27:9-41
84        android:required="true" />
84-->[com.google.android.gms:play-services-maps:17.0.0] AndroidManifest.xml:28:9-32
85
86    <uses-permission android:name="com.google.android.finsky.permission.BIND_GET_INSTALL_REFERRER_SERVICE" />
86-->[com.google.android.gms:play-services-measurement:21.2.1] AndroidManifest.xml:26:5-110
86-->[com.google.android.gms:play-services-measurement:21.2.1] AndroidManifest.xml:26:22-107
87
88    <permission
88-->[androidx.core:core:1.9.0] AndroidManifest.xml:22:5-24:47
89        android:name="com.createdinam.vivasa.DYNAMIC_RECEIVER_NOT_EXPORTED_PERMISSION"
89-->[androidx.core:core:1.9.0] AndroidManifest.xml:23:9-81
90        android:protectionLevel="signature" />
90-->[androidx.core:core:1.9.0] AndroidManifest.xml:24:9-44
91
92    <uses-permission android:name="com.createdinam.vivasa.DYNAMIC_RECEIVER_NOT_EXPORTED_PERMISSION" /> <!-- for android -->
92-->[androidx.core:core:1.9.0] AndroidManifest.xml:26:5-97
92-->[androidx.core:core:1.9.0] AndroidManifest.xml:26:22-94
93    <!-- <uses-permission android:name="com.android.launcher.permission.READ_SETTINGS"/> -->
94    <!-- <uses-permission android:name="com.android.launcher.permission.WRITE_SETTINGS"/> -->
95    <!-- <uses-permission android:name="com.android.launcher.permission.INSTALL_SHORTCUT" /> -->
96    <!-- <uses-permission android:name="com.android.launcher.permission.UNINSTALL_SHORTCUT" /> -->
97    <!-- for Samsung -->
98    <uses-permission android:name="com.sec.android.provider.badge.permission.READ" />
98-->[me.leolin:ShortcutBadger:1.1.22] AndroidManifest.xml:19:5-86
98-->[me.leolin:ShortcutBadger:1.1.22] AndroidManifest.xml:19:22-83
99    <uses-permission android:name="com.sec.android.provider.badge.permission.WRITE" /> <!-- for htc -->
99-->[me.leolin:ShortcutBadger:1.1.22] AndroidManifest.xml:20:5-87
99-->[me.leolin:ShortcutBadger:1.1.22] AndroidManifest.xml:20:22-84
100    <uses-permission android:name="com.htc.launcher.permission.READ_SETTINGS" />
100-->[me.leolin:ShortcutBadger:1.1.22] AndroidManifest.xml:23:5-81
100-->[me.leolin:ShortcutBadger:1.1.22] AndroidManifest.xml:23:22-78
101    <uses-permission android:name="com.htc.launcher.permission.UPDATE_SHORTCUT" /> <!-- for sony -->
101-->[me.leolin:ShortcutBadger:1.1.22] AndroidManifest.xml:24:5-83
101-->[me.leolin:ShortcutBadger:1.1.22] AndroidManifest.xml:24:22-80
102    <uses-permission android:name="com.sonyericsson.home.permission.BROADCAST_BADGE" />
102-->[me.leolin:ShortcutBadger:1.1.22] AndroidManifest.xml:27:5-88
102-->[me.leolin:ShortcutBadger:1.1.22] AndroidManifest.xml:27:22-85
103    <uses-permission android:name="com.sonymobile.home.permission.PROVIDER_INSERT_BADGE" /> <!-- for apex -->
103-->[me.leolin:ShortcutBadger:1.1.22] AndroidManifest.xml:28:5-92
103-->[me.leolin:ShortcutBadger:1.1.22] AndroidManifest.xml:28:22-89
104    <uses-permission android:name="com.anddoes.launcher.permission.UPDATE_COUNT" /> <!-- for solid -->
104-->[me.leolin:ShortcutBadger:1.1.22] AndroidManifest.xml:31:5-84
104-->[me.leolin:ShortcutBadger:1.1.22] AndroidManifest.xml:31:22-81
105    <uses-permission android:name="com.majeur.launcher.permission.UPDATE_BADGE" /> <!-- for huawei -->
105-->[me.leolin:ShortcutBadger:1.1.22] AndroidManifest.xml:34:5-83
105-->[me.leolin:ShortcutBadger:1.1.22] AndroidManifest.xml:34:22-80
106    <uses-permission android:name="com.huawei.android.launcher.permission.CHANGE_BADGE" />
106-->[me.leolin:ShortcutBadger:1.1.22] AndroidManifest.xml:37:5-91
106-->[me.leolin:ShortcutBadger:1.1.22] AndroidManifest.xml:37:22-88
107    <uses-permission android:name="com.huawei.android.launcher.permission.READ_SETTINGS" />
107-->[me.leolin:ShortcutBadger:1.1.22] AndroidManifest.xml:38:5-92
107-->[me.leolin:ShortcutBadger:1.1.22] AndroidManifest.xml:38:22-89
108    <uses-permission android:name="com.huawei.android.launcher.permission.WRITE_SETTINGS" /> <!-- for ZUK -->
108-->[me.leolin:ShortcutBadger:1.1.22] AndroidManifest.xml:39:5-93
108-->[me.leolin:ShortcutBadger:1.1.22] AndroidManifest.xml:39:22-90
109    <uses-permission android:name="android.permission.READ_APP_BADGE" /> <!-- for OPPO -->
109-->[me.leolin:ShortcutBadger:1.1.22] AndroidManifest.xml:42:5-73
109-->[me.leolin:ShortcutBadger:1.1.22] AndroidManifest.xml:42:22-70
110    <uses-permission android:name="com.oppo.launcher.permission.READ_SETTINGS" />
110-->[me.leolin:ShortcutBadger:1.1.22] AndroidManifest.xml:45:5-82
110-->[me.leolin:ShortcutBadger:1.1.22] AndroidManifest.xml:45:22-79
111    <uses-permission android:name="com.oppo.launcher.permission.WRITE_SETTINGS" /> <!-- for EvMe -->
111-->[me.leolin:ShortcutBadger:1.1.22] AndroidManifest.xml:46:5-83
111-->[me.leolin:ShortcutBadger:1.1.22] AndroidManifest.xml:46:22-80
112    <uses-permission android:name="me.everything.badger.permission.BADGE_COUNT_READ" />
112-->[me.leolin:ShortcutBadger:1.1.22] AndroidManifest.xml:49:5-88
112-->[me.leolin:ShortcutBadger:1.1.22] AndroidManifest.xml:49:22-85
113    <uses-permission android:name="me.everything.badger.permission.BADGE_COUNT_WRITE" />
113-->[me.leolin:ShortcutBadger:1.1.22] AndroidManifest.xml:50:5-89
113-->[me.leolin:ShortcutBadger:1.1.22] AndroidManifest.xml:50:22-86
114
115    <application
115-->src/main/AndroidManifest.xml:22:5-106:19
116        android:name="com.createdinam.vivasa.MainApplication"
116-->src/main/AndroidManifest.xml:23:7-38
117        android:allowBackup="true"
117-->src/main/AndroidManifest.xml:27:7-33
118        android:appComponentFactory="androidx.core.app.CoreComponentFactory"
118-->[androidx.core:core:1.9.0] AndroidManifest.xml:28:18-86
119        android:dataExtractionRules="@xml/data_extraction_rules"
119-->src/main/AndroidManifest.xml:29:7-63
120        android:icon="@mipmap/ic_launcher"
120-->src/main/AndroidManifest.xml:25:7-41
121        android:label="@string/app_name"
121-->src/main/AndroidManifest.xml:24:7-39
122        android:roundIcon="@mipmap/ic_launcher"
122-->src/main/AndroidManifest.xml:26:7-46
123        android:supportsRtl="true"
123-->[io.kommunicate.sdk:kommunicateui:2.7.0] AndroidManifest.xml:26:9-35
124        android:theme="@style/AppTheme" >
124-->src/main/AndroidManifest.xml:28:7-38
125        <meta-data
125-->src/main/AndroidManifest.xml:32:9-34:36
126            android:name="com.google.android.gms.wallet.api.enabled"
126-->src/main/AndroidManifest.xml:33:13-69
127            android:value="true" />
127-->src/main/AndroidManifest.xml:34:13-33
128
129        <activity
129-->src/main/AndroidManifest.xml:35:7-47:18
130            android:name="com.createdinam.vivasa.MainActivity"
130-->src/main/AndroidManifest.xml:36:9-37
131            android:configChanges="keyboard|keyboardHidden|orientation|screenLayout|screenSize|smallestScreenSize|uiMode"
131-->src/main/AndroidManifest.xml:38:9-118
132            android:exported="true"
132-->src/main/AndroidManifest.xml:41:9-32
133            android:label="@string/app_name"
133-->src/main/AndroidManifest.xml:37:9-41
134            android:launchMode="singleTask"
134-->src/main/AndroidManifest.xml:39:9-40
135            android:windowSoftInputMode="adjustResize" >
135-->src/main/AndroidManifest.xml:40:9-51
136            <meta-data
136-->src/main/AndroidManifest.xml:42:9-155
137                android:name="com.google.firebase.messaging.default_notification_channel_id"
137-->src/main/AndroidManifest.xml:42:20-96
138                android:value="@string/default_notification_channel_id" />
138-->src/main/AndroidManifest.xml:42:97-152
139
140            <intent-filter>
140-->src/main/AndroidManifest.xml:43:9-46:25
141                <action android:name="android.intent.action.MAIN" />
141-->src/main/AndroidManifest.xml:44:13-65
141-->src/main/AndroidManifest.xml:44:21-62
142
143                <category android:name="android.intent.category.LAUNCHER" />
143-->src/main/AndroidManifest.xml:45:13-73
143-->src/main/AndroidManifest.xml:45:23-70
144            </intent-filter>
145        </activity>
146
147        <meta-data
147-->src/main/AndroidManifest.xml:48:9-49:41
148            android:name="com.dieam.reactnativepushnotification.notification_channel_name"
148-->src/main/AndroidManifest.xml:48:21-99
149            android:value="my-channel" />
149-->src/main/AndroidManifest.xml:49:13-39
150        <meta-data
150-->src/main/AndroidManifest.xml:50:9-51:41
151            android:name="com.dieam.reactnativepushnotification.notification_channel_description"
151-->src/main/AndroidManifest.xml:50:21-106
152            android:value="my channel" />
152-->src/main/AndroidManifest.xml:51:13-39
153
154        <!-- Change the value to true to enable pop-up for in foreground (remote-only, for local use ignoreInForeground) -->
155        <meta-data
155-->src/main/AndroidManifest.xml:54:9-55:36
156            android:name="com.dieam.reactnativepushnotification.notification_foreground"
156-->src/main/AndroidManifest.xml:54:21-97
157            android:value="false" />
157-->src/main/AndroidManifest.xml:55:13-34
158        <!-- Change the value to false if you don't want the creation of the default channel -->
159        <meta-data
159-->src/main/AndroidManifest.xml:57:9-58:36
160            android:name="com.dieam.reactnativepushnotification.channel_create_default"
160-->src/main/AndroidManifest.xml:57:21-96
161            android:value="true " />
161-->src/main/AndroidManifest.xml:58:13-34
162        <!-- Change the resource name to your App's accent color - or any other color you want -->
163        <meta-data
163-->src/main/AndroidManifest.xml:60:9-61:46
164            android:name="com.dieam.reactnativepushnotification.notification_color"
164-->src/main/AndroidManifest.xml:60:21-92
165            android:resource="@color/white" />
165-->src/main/AndroidManifest.xml:61:13-44
166        <!-- or @android:color/{name} to use a standard color -->
167
168        <receiver android:name="com.dieam.reactnativepushnotification.modules.RNPushNotificationActions" />
168-->src/main/AndroidManifest.xml:64:9-108
168-->src/main/AndroidManifest.xml:64:19-105
169        <receiver android:name="com.dieam.reactnativepushnotification.modules.RNPushNotificationPublisher" />
169-->src/main/AndroidManifest.xml:65:9-110
169-->src/main/AndroidManifest.xml:65:19-107
170        <receiver android:name="com.dieam.reactnativepushnotification.modules.RNPushNotificationActions" />
170-->src/main/AndroidManifest.xml:64:9-108
170-->src/main/AndroidManifest.xml:64:19-105
171        <receiver android:name="com.dieam.reactnativepushnotification.modules.RNPushNotificationPublisher" />
171-->src/main/AndroidManifest.xml:65:9-110
171-->src/main/AndroidManifest.xml:65:19-107
172        <receiver
172-->src/main/AndroidManifest.xml:68:9-74:20
173            android:name="com.dieam.reactnativepushnotification.modules.RNPushNotificationBootEventReceiver"
173-->src/main/AndroidManifest.xml:69:13-109
174            android:exported="true" >
174-->src/main/AndroidManifest.xml:70:13-36
175            <intent-filter>
175-->src/main/AndroidManifest.xml:71:13-73:29
176                <action android:name="android.intent.action.BOOT_COMPLETED" />
176-->src/main/AndroidManifest.xml:72:17-79
176-->src/main/AndroidManifest.xml:72:25-76
177            </intent-filter>
178        </receiver>
179
180        <service
180-->src/main/AndroidManifest.xml:75:9-81:19
181            android:name="com.dieam.reactnativepushnotification.modules.RNPushNotificationListenerService"
181-->src/main/AndroidManifest.xml:76:13-107
182            android:exported="false" >
182-->src/main/AndroidManifest.xml:77:13-37
183            <intent-filter>
183-->src/main/AndroidManifest.xml:78:13-80:29
184                <action android:name="com.google.firebase.MESSAGING_EVENT" />
184-->src/main/AndroidManifest.xml:79:17-78
184-->src/main/AndroidManifest.xml:79:25-75
185            </intent-filter>
186        </service>
187
188        <activity
188-->src/main/AndroidManifest.xml:82:9-90:15
189            android:name="com.reactnativefullscreennotificationincomingcall.IncomingCallActivity"
189-->src/main/AndroidManifest.xml:83:13-98
190            android:excludeFromRecents="true"
190-->src/main/AndroidManifest.xml:86:13-46
191            android:exported="true"
191-->src/main/AndroidManifest.xml:87:13-36
192            android:launchMode="singleTask"
192-->src/main/AndroidManifest.xml:85:13-44
193            android:showWhenLocked="true"
193-->src/main/AndroidManifest.xml:88:13-42
194            android:theme="@style/incomingCall"
194-->src/main/AndroidManifest.xml:84:13-48
195            android:turnScreenOn="true" />
195-->src/main/AndroidManifest.xml:89:13-40
196        <activity
196-->src/main/AndroidManifest.xml:91:9-99:15
197            android:name="com.reactnativefullscreennotificationincomingcall.NotificationReceiverActivity"
197-->src/main/AndroidManifest.xml:92:13-106
198            android:excludeFromRecents="true"
198-->src/main/AndroidManifest.xml:95:13-46
199            android:exported="true"
199-->src/main/AndroidManifest.xml:96:13-36
200            android:launchMode="singleTask"
200-->src/main/AndroidManifest.xml:94:13-44
201            android:showWhenLocked="true"
201-->src/main/AndroidManifest.xml:97:13-42
202            android:theme="@style/incomingCall"
202-->src/main/AndroidManifest.xml:93:13-48
203            android:turnScreenOn="true" />
203-->src/main/AndroidManifest.xml:98:13-40
204
205        <service
205-->src/main/AndroidManifest.xml:100:9-105:11
206            android:name="com.reactnativefullscreennotificationincomingcall.IncomingCallService"
206-->src/main/AndroidManifest.xml:101:13-97
207            android:enabled="true"
207-->src/main/AndroidManifest.xml:102:13-35
208            android:exported="true"
208-->src/main/AndroidManifest.xml:104:13-36
209            android:stopWithTask="false" />
209-->src/main/AndroidManifest.xml:103:13-41
210
211        <meta-data
211-->[:react-native-firebase_analytics] AndroidManifest.xml:14:9-16:36
212            android:name="firebase_analytics_collection_enabled"
212-->[:react-native-firebase_analytics] AndroidManifest.xml:15:13-65
213            android:value="true" />
213-->[:react-native-firebase_analytics] AndroidManifest.xml:16:13-33
214        <meta-data
214-->[:react-native-firebase_analytics] AndroidManifest.xml:17:9-19:37
215            android:name="firebase_analytics_collection_deactivated"
215-->[:react-native-firebase_analytics] AndroidManifest.xml:18:13-69
216            android:value="false" />
216-->[:react-native-firebase_analytics] AndroidManifest.xml:19:13-34
217        <meta-data
217-->[:react-native-firebase_analytics] AndroidManifest.xml:20:9-22:36
218            android:name="google_analytics_adid_collection_enabled"
218-->[:react-native-firebase_analytics] AndroidManifest.xml:21:13-68
219            android:value="true" />
219-->[:react-native-firebase_analytics] AndroidManifest.xml:22:13-33
220        <meta-data
220-->[:react-native-firebase_analytics] AndroidManifest.xml:23:9-25:36
221            android:name="google_analytics_ssaid_collection_enabled"
221-->[:react-native-firebase_analytics] AndroidManifest.xml:24:13-69
222            android:value="true" />
222-->[:react-native-firebase_analytics] AndroidManifest.xml:25:13-33
223        <meta-data
223-->[:react-native-firebase_analytics] AndroidManifest.xml:26:9-28:36
224            android:name="google_analytics_default_allow_ad_personalization_signals"
224-->[:react-native-firebase_analytics] AndroidManifest.xml:27:13-85
225            android:value="true" />
225-->[:react-native-firebase_analytics] AndroidManifest.xml:28:13-33
226        <meta-data
226-->[:react-native-firebase_analytics] AndroidManifest.xml:29:9-31:36
227            android:name="google_analytics_automatic_screen_reporting_enabled"
227-->[:react-native-firebase_analytics] AndroidManifest.xml:30:13-79
228            android:value="true" /> <!-- Disable crashlytics by default so we can custom init with CrashlyticsNdk support -->
228-->[:react-native-firebase_analytics] AndroidManifest.xml:31:13-33
229        <meta-data
229-->[:react-native-firebase_crashlytics] AndroidManifest.xml:12:9-14:37
230            android:name="firebase_crashlytics_collection_enabled"
230-->[:react-native-firebase_crashlytics] AndroidManifest.xml:13:13-67
231            android:value="false" />
231-->[:react-native-firebase_crashlytics] AndroidManifest.xml:14:13-34
232
233        <provider
233-->[:react-native-firebase_crashlytics] AndroidManifest.xml:16:9-20:38
234            android:name="io.invertase.firebase.crashlytics.ReactNativeFirebaseCrashlyticsInitProvider"
234-->[:react-native-firebase_crashlytics] AndroidManifest.xml:17:13-104
235            android:authorities="com.createdinam.vivasa.reactnativefirebasecrashlyticsinitprovider"
235-->[:react-native-firebase_crashlytics] AndroidManifest.xml:18:13-94
236            android:exported="false"
236-->[:react-native-firebase_crashlytics] AndroidManifest.xml:19:13-37
237            android:initOrder="98" />
237-->[:react-native-firebase_crashlytics] AndroidManifest.xml:20:13-35
238
239        <service
239-->[:react-native-firebase_messaging] AndroidManifest.xml:14:9-16:40
240            android:name="io.invertase.firebase.messaging.ReactNativeFirebaseMessagingHeadlessService"
240-->[:react-native-firebase_messaging] AndroidManifest.xml:15:13-103
241            android:exported="false" />
241-->[:react-native-firebase_messaging] AndroidManifest.xml:16:13-37
242        <service
242-->[:react-native-firebase_messaging] AndroidManifest.xml:17:9-23:19
243            android:name="io.invertase.firebase.messaging.ReactNativeFirebaseMessagingService"
243-->[:react-native-firebase_messaging] AndroidManifest.xml:18:13-95
244            android:exported="false" >
244-->[:react-native-firebase_messaging] AndroidManifest.xml:19:13-37
245            <intent-filter>
245-->src/main/AndroidManifest.xml:78:13-80:29
246                <action android:name="com.google.firebase.MESSAGING_EVENT" />
246-->src/main/AndroidManifest.xml:79:17-78
246-->src/main/AndroidManifest.xml:79:25-75
247            </intent-filter>
248        </service>
249
250        <receiver
250-->[:react-native-firebase_messaging] AndroidManifest.xml:25:9-32:20
251            android:name="io.invertase.firebase.messaging.ReactNativeFirebaseMessagingReceiver"
251-->[:react-native-firebase_messaging] AndroidManifest.xml:26:13-96
252            android:exported="true"
252-->[:react-native-firebase_messaging] AndroidManifest.xml:27:13-36
253            android:permission="com.google.android.c2dm.permission.SEND" >
253-->[:react-native-firebase_messaging] AndroidManifest.xml:28:13-73
254            <intent-filter>
254-->[:react-native-firebase_messaging] AndroidManifest.xml:29:13-31:29
255                <action android:name="com.google.android.c2dm.intent.RECEIVE" />
255-->[:react-native-firebase_messaging] AndroidManifest.xml:30:17-81
255-->[:react-native-firebase_messaging] AndroidManifest.xml:30:25-78
256            </intent-filter>
257        </receiver>
258
259        <meta-data
259-->[:react-native-firebase_messaging] AndroidManifest.xml:34:9-36:36
260            android:name="firebase_messaging_auto_init_enabled"
260-->[:react-native-firebase_messaging] AndroidManifest.xml:35:13-64
261            android:value="true" />
261-->[:react-native-firebase_messaging] AndroidManifest.xml:36:13-33
262        <meta-data
262-->src/main/AndroidManifest.xml:42:9-155
263            android:name="com.google.firebase.messaging.default_notification_channel_id"
263-->src/main/AndroidManifest.xml:42:20-96
264            android:value="" />
264-->src/main/AndroidManifest.xml:42:97-152
265        <meta-data
265-->[:react-native-firebase_messaging] AndroidManifest.xml:40:9-42:47
266            android:name="com.google.firebase.messaging.default_notification_color"
266-->[:react-native-firebase_messaging] AndroidManifest.xml:41:13-84
267            android:resource="@color/white" />
267-->[:react-native-firebase_messaging] AndroidManifest.xml:42:13-44
268        <meta-data
268-->[:react-native-firebase_app] AndroidManifest.xml:11:9-13:36
269            android:name="app_data_collection_default_enabled"
269-->[:react-native-firebase_app] AndroidManifest.xml:12:13-63
270            android:value="true" />
270-->[:react-native-firebase_app] AndroidManifest.xml:13:13-33
271
272        <service
272-->[:react-native-firebase_app] AndroidManifest.xml:15:9-23:19
273            android:name="com.google.firebase.components.ComponentDiscoveryService"
273-->[:react-native-firebase_app] AndroidManifest.xml:16:13-84
274            android:directBootAware="true"
274-->[:react-native-firebase_app] AndroidManifest.xml:17:13-43
275            android:exported="false" >
275-->[:react-native-firebase_app] AndroidManifest.xml:18:13-37
276            <meta-data
276-->[:react-native-firebase_app] AndroidManifest.xml:20:13-22:85
277                android:name="com.google.firebase.components:io.invertase.firebase.app.ReactNativeFirebaseAppRegistrar"
277-->[:react-native-firebase_app] AndroidManifest.xml:21:17-120
278                android:value="com.google.firebase.components.ComponentRegistrar" />
278-->[:react-native-firebase_app] AndroidManifest.xml:22:17-82
279            <meta-data
279-->[com.google.firebase:firebase-messaging:23.1.2] AndroidManifest.xml:55:13-57:85
280                android:name="com.google.firebase.components:com.google.firebase.messaging.FirebaseMessagingRegistrar"